current directory: /Users/charlottedebaere/code/Debaerecharlotte/Cheddar-v2/.bundle/ruby/3.1.0/gems/psych-5.1.2/ext/psych
/Users/charlottedebaere/.rbenv/versions/3.1.2/bin/ruby extconf.rb
checking for yaml.h... yes
checking for yaml_get_version() in -lyaml... yes
creating Makefile

current directory: /Users/charlottedebaere/code/Debaerecharlotte/Cheddar-v2/.bundle/ruby/3.1.0/gems/psych-5.1.2/ext/psych
make DESTDIR\= sitearchdir\=./.gem.20240702-51080-2i5zrz sitelibdir\=./.gem.20240702-51080-2i5zrz clean
cd libyaml && /Library/Developer/CommandLineTools/usr/bin/make clean
/bin/sh: line 0: cd: libyaml: No such file or directory
make: [clean-so] Error 1 (ignored)

current directory: /Users/charlottedebaere/code/Debaerecharlotte/Cheddar-v2/.bundle/ruby/3.1.0/gems/psych-5.1.2/ext/psych
make DESTDIR\= sitearchdir\=./.gem.20240702-51080-2i5zrz sitelibdir\=./.gem.20240702-51080-2i5zrz
compiling psych.c
compiling psych_emitter.c
compiling psych_parser.c
compiling psych_to_ruby.c
compiling psych_yaml_tree.c
linking shared-object psych.bundle
ld: warning: -multiply_defined is obsolete
ld: warning: ignoring duplicate libraries: '-lyaml'

current directory: /Users/charlottedebaere/code/Debaerecharlotte/Cheddar-v2/.bundle/ruby/3.1.0/gems/psych-5.1.2/ext/psych
make DESTDIR\= sitearchdir\=./.gem.20240702-51080-2i5zrz sitelibdir\=./.gem.20240702-51080-2i5zrz install
/usr/bin/install -c -m 0755 psych.bundle ./.gem.20240702-51080-2i5zrz

current directory: /Users/charlottedebaere/code/Debaerecharlotte/Cheddar-v2/.bundle/ruby/3.1.0/gems/psych-5.1.2/ext/psych
make DESTDIR\= sitearchdir\=./.gem.20240702-51080-2i5zrz sitelibdir\=./.gem.20240702-51080-2i5zrz clean
cd libyaml && /Library/Developer/CommandLineTools/usr/bin/make clean
/bin/sh: line 0: cd: libyaml: No such file or directory
make: [clean-so] Error 1 (ignored)
