current directory: /Users/charlottedebaere/code/Debaerecharlotte/Cheddar-v2/.bundle/ruby/3.1.0/gems/io-console-0.7.2/ext/io/console
/Users/charlottedebaere/.rbenv/versions/3.1.2/bin/ruby extconf.rb
checking for rb_io_path()... no
checking for rb_io_descriptor()... yes
checking for rb_io_get_write_io()... yes
checking for rb_io_closed_p()... no
checking for rb_io_open_descriptor()... no
checking for termios.h... yes
checking for cfmakeraw() in termios.h... yes
checking for sys/ioctl.h... yes
checking for HAVE_RUBY_FIBER_SCHEDULER_H... yes
creating Makefile

current directory: /Users/charlottedebaere/code/Debaerecharlotte/Cheddar-v2/.bundle/ruby/3.1.0/gems/io-console-0.7.2/ext/io/console
make DESTDIR\= sitearchdir\=./.gem.20240702-51080-r9wf5t sitelibdir\=./.gem.20240702-51080-r9wf5t clean

current directory: /Users/charlottedebaere/code/Debaerecharlotte/Cheddar-v2/.bundle/ruby/3.1.0/gems/io-console-0.7.2/ext/io/console
make DESTDIR\= sitearchdir\=./.gem.20240702-51080-r9wf5t sitelibdir\=./.gem.20240702-51080-r9wf5t
compiling console.c
linking shared-object io/console.bundle
ld: warning: -multiply_defined is obsolete

current directory: /Users/charlottedebaere/code/Debaerecharlotte/Cheddar-v2/.bundle/ruby/3.1.0/gems/io-console-0.7.2/ext/io/console
make DESTDIR\= sitearchdir\=./.gem.20240702-51080-r9wf5t sitelibdir\=./.gem.20240702-51080-r9wf5t install
/usr/bin/install -c -m 0755 console.bundle ./.gem.20240702-51080-r9wf5t/io

current directory: /Users/charlottedebaere/code/Debaerecharlotte/Cheddar-v2/.bundle/ruby/3.1.0/gems/io-console-0.7.2/ext/io/console
make DESTDIR\= sitearchdir\=./.gem.20240702-51080-r9wf5t sitelibdir\=./.gem.20240702-51080-r9wf5t clean
