current directory: /Users/charlottedebaere/code/Debaerecharlotte/Cheddar-v2/.bundle/ruby/3.1.0/gems/date-3.3.4/ext/date
/Users/charlottedebaere/.rbenv/versions/3.1.2/bin/ruby extconf.rb
checking for rb_category_warn()... yes
checking for timezone in time.h with  -Werror... yes
checking for altzone in time.h with  -Werror... no
creating Makefile

current directory: /Users/charlottedebaere/code/Debaerecharlotte/Cheddar-v2/.bundle/ruby/3.1.0/gems/date-3.3.4/ext/date
make DESTDIR\= sitearchdir\=./.gem.20240702-44622-omj3b4 sitelibdir\=./.gem.20240702-44622-omj3b4 clean

current directory: /Users/charlottedebaere/code/Debaerecharlotte/Cheddar-v2/.bundle/ruby/3.1.0/gems/date-3.3.4/ext/date
make DESTDIR\= sitearchdir\=./.gem.20240702-44622-omj3b4 sitelibdir\=./.gem.20240702-44622-omj3b4
compiling date_core.c
compiling date_parse.c
compiling date_strftime.c
compiling date_strptime.c
linking shared-object date_core.bundle
ld: warning: -multiply_defined is obsolete

current directory: /Users/charlottedebaere/code/Debaerecharlotte/Cheddar-v2/.bundle/ruby/3.1.0/gems/date-3.3.4/ext/date
make DESTDIR\= sitearchdir\=./.gem.20240702-44622-omj3b4 sitelibdir\=./.gem.20240702-44622-omj3b4 install
/usr/bin/install -c -m 0755 date_core.bundle ./.gem.20240702-44622-omj3b4

current directory: /Users/charlottedebaere/code/Debaerecharlotte/Cheddar-v2/.bundle/ruby/3.1.0/gems/date-3.3.4/ext/date
make DESTDIR\= sitearchdir\=./.gem.20240702-44622-omj3b4 sitelibdir\=./.gem.20240702-44622-omj3b4 clean
